<?xml version="1.0" encoding="UTF-8"?>
<testsuite xmlns:xsi="http://www.w3.org/2001/XMLSchema-instance" xsi:noNamespaceSchemaLocation="https://maven.apache.org/surefire/maven-surefire-plugin/xsd/surefire-test-report.xsd" version="3.0.2" name="TestSuite" time="42.569" tests="5" errors="0" skipped="0" failures="0">
  <properties>
    <property name="java.specification.version" value="22"/>
    <property name="sun.jnu.encoding" value="UTF-8"/>
    <property name="java.class.path" value="/Users/anhchau/SeleniumStudy/git/cicd/FinalPractice/target/test-classes:/Users/anhchau/SeleniumStudy/git/cicd/FinalPractice/target/classes:/Users/anhchau/.m2/repository/org/seleniumhq/selenium/selenium-java/4.26.0/selenium-java-4.26.0.jar:/Users/anhchau/.m2/repository/org/seleniumhq/selenium/selenium-api/4.26.0/selenium-api-4.26.0.jar:/Users/anhchau/.m2/repository/org/jspecify/jspecify/1.0.0/jspecify-1.0.0.jar:/Users/anhchau/.m2/repository/org/seleniumhq/selenium/selenium-chrome-driver/4.26.0/selenium-chrome-driver-4.26.0.jar:/Users/anhchau/.m2/repository/com/google/auto/service/auto-service-annotations/1.1.1/auto-service-annotations-1.1.1.jar:/Users/anhchau/.m2/repository/org/seleniumhq/selenium/selenium-chromium-driver/4.26.0/selenium-chromium-driver-4.26.0.jar:/Users/anhchau/.m2/repository/org/seleniumhq/selenium/selenium-json/4.26.0/selenium-json-4.26.0.jar:/Users/anhchau/.m2/repository/org/seleniumhq/selenium/selenium-manager/4.26.0/selenium-manager-4.26.0.jar:/Users/anhchau/.m2/repository/org/seleniumhq/selenium/selenium-devtools-v128/4.26.0/selenium-devtools-v128-4.26.0.jar:/Users/anhchau/.m2/repository/org/seleniumhq/selenium/selenium-devtools-v129/4.26.0/selenium-devtools-v129-4.26.0.jar:/Users/anhchau/.m2/repository/org/seleniumhq/selenium/selenium-devtools-v130/4.26.0/selenium-devtools-v130-4.26.0.jar:/Users/anhchau/.m2/repository/org/seleniumhq/selenium/selenium-devtools-v85/4.26.0/selenium-devtools-v85-4.26.0.jar:/Users/anhchau/.m2/repository/org/seleniumhq/selenium/selenium-edge-driver/4.26.0/selenium-edge-driver-4.26.0.jar:/Users/anhchau/.m2/repository/org/seleniumhq/selenium/selenium-firefox-driver/4.26.0/selenium-firefox-driver-4.26.0.jar:/Users/anhchau/.m2/repository/org/seleniumhq/selenium/selenium-http/4.26.0/selenium-http-4.26.0.jar:/Users/anhchau/.m2/repository/dev/failsafe/failsafe/3.3.2/failsafe-3.3.2.jar:/Users/anhchau/.m2/repository/org/seleniumhq/selenium/selenium-ie-driver/4.26.0/selenium-ie-driver-4.26.0.jar:/Users/anhchau/.m2/repository/org/seleniumhq/selenium/selenium-remote-driver/4.26.0/selenium-remote-driver-4.26.0.jar:/Users/anhchau/.m2/repository/com/google/guava/guava/33.3.1-jre/guava-33.3.1-jre.jar:/Users/anhchau/.m2/repository/com/google/guava/failureaccess/1.0.2/failureaccess-1.0.2.jar:/Users/anhchau/.m2/repository/com/google/guava/listenablefuture/9999.0-empty-to-avoid-conflict-with-guava/listenablefuture-9999.0-empty-to-avoid-conflict-with-guava.jar:/Users/anhchau/.m2/repository/com/google/code/findbugs/jsr305/3.0.2/jsr305-3.0.2.jar:/Users/anhchau/.m2/repository/org/checkerframework/checker-qual/3.43.0/checker-qual-3.43.0.jar:/Users/anhchau/.m2/repository/com/google/errorprone/error_prone_annotations/2.28.0/error_prone_annotations-2.28.0.jar:/Users/anhchau/.m2/repository/com/google/j2objc/j2objc-annotations/3.0.0/j2objc-annotations-3.0.0.jar:/Users/anhchau/.m2/repository/io/opentelemetry/semconv/opentelemetry-semconv/1.25.0-alpha/opentelemetry-semconv-1.25.0-alpha.jar:/Users/anhchau/.m2/repository/io/opentelemetry/opentelemetry-api/1.43.0/opentelemetry-api-1.43.0.jar:/Users/anhchau/.m2/repository/io/opentelemetry/opentelemetry-context/1.43.0/opentelemetry-context-1.43.0.jar:/Users/anhchau/.m2/repository/io/opentelemetry/opentelemetry-exporter-logging/1.43.0/opentelemetry-exporter-logging-1.43.0.jar:/Users/anhchau/.m2/repository/io/opentelemetry/opentelemetry-sdk-common/1.43.0/opentelemetry-sdk-common-1.43.0.jar:/Users/anhchau/.m2/repository/io/opentelemetry/opentelemetry-sdk-extension-autoconfigure-spi/1.43.0/opentelemetry-sdk-extension-autoconfigure-spi-1.43.0.jar:/Users/anhchau/.m2/repository/io/opentelemetry/opentelemetry-sdk-extension-autoconfigure/1.43.0/opentelemetry-sdk-extension-autoconfigure-1.43.0.jar:/Users/anhchau/.m2/repository/io/opentelemetry/opentelemetry-api-incubator/1.43.0-alpha/opentelemetry-api-incubator-1.43.0-alpha.jar:/Users/anhchau/.m2/repository/io/opentelemetry/opentelemetry-sdk-trace/1.43.0/opentelemetry-sdk-trace-1.43.0.jar:/Users/anhchau/.m2/repository/io/opentelemetry/opentelemetry-sdk/1.43.0/opentelemetry-sdk-1.43.0.jar:/Users/anhchau/.m2/repository/io/opentelemetry/opentelemetry-sdk-metrics/1.43.0/opentelemetry-sdk-metrics-1.43.0.jar:/Users/anhchau/.m2/repository/io/opentelemetry/opentelemetry-sdk-logs/1.43.0/opentelemetry-sdk-logs-1.43.0.jar:/Users/anhchau/.m2/repository/net/bytebuddy/byte-buddy/1.15.7/byte-buddy-1.15.7.jar:/Users/anhchau/.m2/repository/org/seleniumhq/selenium/selenium-os/4.26.0/selenium-os-4.26.0.jar:/Users/anhchau/.m2/repository/org/apache/commons/commons-exec/1.4.0/commons-exec-1.4.0.jar:/Users/anhchau/.m2/repository/org/seleniumhq/selenium/selenium-safari-driver/4.26.0/selenium-safari-driver-4.26.0.jar:/Users/anhchau/.m2/repository/org/seleniumhq/selenium/selenium-support/4.26.0/selenium-support-4.26.0.jar:/Users/anhchau/.m2/repository/org/testng/testng/7.10.2/testng-7.10.2.jar:/Users/anhchau/.m2/repository/org/slf4j/slf4j-api/1.7.36/slf4j-api-1.7.36.jar:/Users/anhchau/.m2/repository/com/beust/jcommander/1.82/jcommander-1.82.jar:/Users/anhchau/.m2/repository/org/webjars/jquery/3.7.1/jquery-3.7.1.jar:/Users/anhchau/.m2/repository/com/aventstack/extentreports/5.1.2/extentreports-5.1.2.jar:/Users/anhchau/.m2/repository/io/reactivex/rxjava3/rxjava/3.1.6/rxjava-3.1.6.jar:/Users/anhchau/.m2/repository/org/reactivestreams/reactive-streams/1.0.4/reactive-streams-1.0.4.jar:/Users/anhchau/.m2/repository/org/freemarker/freemarker/2.3.32/freemarker-2.3.32.jar:/Users/anhchau/.m2/repository/org/projectlombok/lombok/1.18.26/lombok-1.18.26.jar:/Users/anhchau/.m2/repository/com/google/code/gson/gson/2.10.1/gson-2.10.1.jar:"/>
    <property name="java.vm.vendor" value="Oracle Corporation"/>
    <property name="sun.arch.data.model" value="64"/>
    <property name="java.vendor.url" value="https://java.oracle.com/"/>
    <property name="user.timezone" value="Asia/Ho_Chi_Minh"/>
    <property name="os.name" value="Mac OS X"/>
    <property name="java.vm.specification.version" value="22"/>
    <property name="sun.java.launcher" value="SUN_STANDARD"/>
    <property name="user.country" value="VN"/>
    <property name="sun.boot.library.path" value="/Library/Java/JavaVirtualMachines/jdk-22.jdk/Contents/Home/lib"/>
    <property name="sun.java.command" value="/Users/anhchau/SeleniumStudy/git/cicd/FinalPractice/target/surefire/surefirebooter-20241105130035863_3.jar /Users/anhchau/SeleniumStudy/git/cicd/FinalPractice/target/surefire 2024-11-05T13-00-35_799-jvmRun1 surefire-20241105130035863_1tmp surefire_0-20241105130035863_2tmp"/>
    <property name="http.nonProxyHosts" value="local|*.local|169.254/16|*.169.254/16"/>
    <property name="jdk.debug" value="release"/>
    <property name="surefire.test.class.path" value="/Users/anhchau/SeleniumStudy/git/cicd/FinalPractice/target/test-classes:/Users/anhchau/SeleniumStudy/git/cicd/FinalPractice/target/classes:/Users/anhchau/.m2/repository/org/seleniumhq/selenium/selenium-java/4.26.0/selenium-java-4.26.0.jar:/Users/anhchau/.m2/repository/org/seleniumhq/selenium/selenium-api/4.26.0/selenium-api-4.26.0.jar:/Users/anhchau/.m2/repository/org/jspecify/jspecify/1.0.0/jspecify-1.0.0.jar:/Users/anhchau/.m2/repository/org/seleniumhq/selenium/selenium-chrome-driver/4.26.0/selenium-chrome-driver-4.26.0.jar:/Users/anhchau/.m2/repository/com/google/auto/service/auto-service-annotations/1.1.1/auto-service-annotations-1.1.1.jar:/Users/anhchau/.m2/repository/org/seleniumhq/selenium/selenium-chromium-driver/4.26.0/selenium-chromium-driver-4.26.0.jar:/Users/anhchau/.m2/repository/org/seleniumhq/selenium/selenium-json/4.26.0/selenium-json-4.26.0.jar:/Users/anhchau/.m2/repository/org/seleniumhq/selenium/selenium-manager/4.26.0/selenium-manager-4.26.0.jar:/Users/anhchau/.m2/repository/org/seleniumhq/selenium/selenium-devtools-v128/4.26.0/selenium-devtools-v128-4.26.0.jar:/Users/anhchau/.m2/repository/org/seleniumhq/selenium/selenium-devtools-v129/4.26.0/selenium-devtools-v129-4.26.0.jar:/Users/anhchau/.m2/repository/org/seleniumhq/selenium/selenium-devtools-v130/4.26.0/selenium-devtools-v130-4.26.0.jar:/Users/anhchau/.m2/repository/org/seleniumhq/selenium/selenium-devtools-v85/4.26.0/selenium-devtools-v85-4.26.0.jar:/Users/anhchau/.m2/repository/org/seleniumhq/selenium/selenium-edge-driver/4.26.0/selenium-edge-driver-4.26.0.jar:/Users/anhchau/.m2/repository/org/seleniumhq/selenium/selenium-firefox-driver/4.26.0/selenium-firefox-driver-4.26.0.jar:/Users/anhchau/.m2/repository/org/seleniumhq/selenium/selenium-http/4.26.0/selenium-http-4.26.0.jar:/Users/anhchau/.m2/repository/dev/failsafe/failsafe/3.3.2/failsafe-3.3.2.jar:/Users/anhchau/.m2/repository/org/seleniumhq/selenium/selenium-ie-driver/4.26.0/selenium-ie-driver-4.26.0.jar:/Users/anhchau/.m2/repository/org/seleniumhq/selenium/selenium-remote-driver/4.26.0/selenium-remote-driver-4.26.0.jar:/Users/anhchau/.m2/repository/com/google/guava/guava/33.3.1-jre/guava-33.3.1-jre.jar:/Users/anhchau/.m2/repository/com/google/guava/failureaccess/1.0.2/failureaccess-1.0.2.jar:/Users/anhchau/.m2/repository/com/google/guava/listenablefuture/9999.0-empty-to-avoid-conflict-with-guava/listenablefuture-9999.0-empty-to-avoid-conflict-with-guava.jar:/Users/anhchau/.m2/repository/com/google/code/findbugs/jsr305/3.0.2/jsr305-3.0.2.jar:/Users/anhchau/.m2/repository/org/checkerframework/checker-qual/3.43.0/checker-qual-3.43.0.jar:/Users/anhchau/.m2/repository/com/google/errorprone/error_prone_annotations/2.28.0/error_prone_annotations-2.28.0.jar:/Users/anhchau/.m2/repository/com/google/j2objc/j2objc-annotations/3.0.0/j2objc-annotations-3.0.0.jar:/Users/anhchau/.m2/repository/io/opentelemetry/semconv/opentelemetry-semconv/1.25.0-alpha/opentelemetry-semconv-1.25.0-alpha.jar:/Users/anhchau/.m2/repository/io/opentelemetry/opentelemetry-api/1.43.0/opentelemetry-api-1.43.0.jar:/Users/anhchau/.m2/repository/io/opentelemetry/opentelemetry-context/1.43.0/opentelemetry-context-1.43.0.jar:/Users/anhchau/.m2/repository/io/opentelemetry/opentelemetry-exporter-logging/1.43.0/opentelemetry-exporter-logging-1.43.0.jar:/Users/anhchau/.m2/repository/io/opentelemetry/opentelemetry-sdk-common/1.43.0/opentelemetry-sdk-common-1.43.0.jar:/Users/anhchau/.m2/repository/io/opentelemetry/opentelemetry-sdk-extension-autoconfigure-spi/1.43.0/opentelemetry-sdk-extension-autoconfigure-spi-1.43.0.jar:/Users/anhchau/.m2/repository/io/opentelemetry/opentelemetry-sdk-extension-autoconfigure/1.43.0/opentelemetry-sdk-extension-autoconfigure-1.43.0.jar:/Users/anhchau/.m2/repository/io/opentelemetry/opentelemetry-api-incubator/1.43.0-alpha/opentelemetry-api-incubator-1.43.0-alpha.jar:/Users/anhchau/.m2/repository/io/opentelemetry/opentelemetry-sdk-trace/1.43.0/opentelemetry-sdk-trace-1.43.0.jar:/Users/anhchau/.m2/repository/io/opentelemetry/opentelemetry-sdk/1.43.0/opentelemetry-sdk-1.43.0.jar:/Users/anhchau/.m2/repository/io/opentelemetry/opentelemetry-sdk-metrics/1.43.0/opentelemetry-sdk-metrics-1.43.0.jar:/Users/anhchau/.m2/repository/io/opentelemetry/opentelemetry-sdk-logs/1.43.0/opentelemetry-sdk-logs-1.43.0.jar:/Users/anhchau/.m2/repository/net/bytebuddy/byte-buddy/1.15.7/byte-buddy-1.15.7.jar:/Users/anhchau/.m2/repository/org/seleniumhq/selenium/selenium-os/4.26.0/selenium-os-4.26.0.jar:/Users/anhchau/.m2/repository/org/apache/commons/commons-exec/1.4.0/commons-exec-1.4.0.jar:/Users/anhchau/.m2/repository/org/seleniumhq/selenium/selenium-safari-driver/4.26.0/selenium-safari-driver-4.26.0.jar:/Users/anhchau/.m2/repository/org/seleniumhq/selenium/selenium-support/4.26.0/selenium-support-4.26.0.jar:/Users/anhchau/.m2/repository/org/testng/testng/7.10.2/testng-7.10.2.jar:/Users/anhchau/.m2/repository/org/slf4j/slf4j-api/1.7.36/slf4j-api-1.7.36.jar:/Users/anhchau/.m2/repository/com/beust/jcommander/1.82/jcommander-1.82.jar:/Users/anhchau/.m2/repository/org/webjars/jquery/3.7.1/jquery-3.7.1.jar:/Users/anhchau/.m2/repository/com/aventstack/extentreports/5.1.2/extentreports-5.1.2.jar:/Users/anhchau/.m2/repository/io/reactivex/rxjava3/rxjava/3.1.6/rxjava-3.1.6.jar:/Users/anhchau/.m2/repository/org/reactivestreams/reactive-streams/1.0.4/reactive-streams-1.0.4.jar:/Users/anhchau/.m2/repository/org/freemarker/freemarker/2.3.32/freemarker-2.3.32.jar:/Users/anhchau/.m2/repository/org/projectlombok/lombok/1.18.26/lombok-1.18.26.jar:/Users/anhchau/.m2/repository/com/google/code/gson/gson/2.10.1/gson-2.10.1.jar:"/>
    <property name="sun.cpu.endian" value="little"/>
    <property name="user.home" value="/Users/anhchau"/>
    <property name="user.language" value="en"/>
    <property name="java.specification.vendor" value="Oracle Corporation"/>
    <property name="java.version.date" value="2024-04-16"/>
    <property name="java.home" value="/Library/Java/JavaVirtualMachines/jdk-22.jdk/Contents/Home"/>
    <property name="file.separator" value="/"/>
    <property name="basedir" value="/Users/anhchau/SeleniumStudy/git/cicd/FinalPractice"/>
    <property name="java.vm.compressedOopsMode" value="Zero based"/>
    <property name="line.separator" value="&#10;"/>
    <property name="java.vm.specification.vendor" value="Oracle Corporation"/>
    <property name="java.specification.name" value="Java Platform API Specification"/>
    <property name="apple.awt.application.name" value="ForkedBooter"/>
    <property name="surefire.real.class.path" value="/Users/anhchau/SeleniumStudy/git/cicd/FinalPractice/target/surefire/surefirebooter-20241105130035863_3.jar"/>
    <property name="sun.management.compiler" value="HotSpot 64-Bit Tiered Compilers"/>
    <property name="ftp.nonProxyHosts" value="local|*.local|169.254/16|*.169.254/16"/>
    <property name="java.runtime.version" value="22.0.1+8-16"/>
    <property name="user.name" value="anhchau"/>
    <property name="stdout.encoding" value="UTF-8"/>
    <property name="path.separator" value=":"/>
    <property name="os.version" value="14.4.1"/>
    <property name="java.runtime.name" value="Java(TM) SE Runtime Environment"/>
    <property name="file.encoding" value="UTF-8"/>
    <property name="java.vm.name" value="Java HotSpot(TM) 64-Bit Server VM"/>
    <property name="localRepository" value="/Users/anhchau/.m2/repository"/>
    <property name="java.vendor.url.bug" value="https://bugreport.java.com/bugreport/"/>
    <property name="java.io.tmpdir" value="/var/folders/2m/gt0wvzhj6d7c330qc6gj680w0000gn/T/"/>
    <property name="java.version" value="22.0.1"/>
    <property name="user.dir" value="/Users/anhchau/SeleniumStudy/git/cicd/FinalPractice"/>
    <property name="os.arch" value="aarch64"/>
    <property name="java.vm.specification.name" value="Java Virtual Machine Specification"/>
    <property name="native.encoding" value="UTF-8"/>
    <property name="java.library.path" value="/Users/anhchau/Library/Java/Extensions:/Library/Java/Extensions:/Network/Library/Java/Extensions:/System/Library/Java/Extensions:/usr/lib/java:."/>
    <property name="java.vm.info" value="mixed mode, sharing"/>
    <property name="stderr.encoding" value="UTF-8"/>
    <property name="java.vendor" value="Oracle Corporation"/>
    <property name="java.vm.version" value="22.0.1+8-16"/>
    <property name="sun.io.unicode.encoding" value="UnicodeBig"/>
    <property name="socksNonProxyHosts" value="local|*.local|169.254/16|*.169.254/16"/>
    <property name="java.class.version" value="66.0"/>
  </properties>
  <testcase name="buyVegan" classname="buyProducts.buyVegetables5" time="7.25">
    <system-out><![CDATA[[[[ChromeDriver: chrome on mac (d8d23e33cfedb55470851f696e4113d2)] -> css selector: div[class='product'] h4], [[ChromeDriver: chrome on mac (d8d23e33cfedb55470851f696e4113d2)] -> css selector: div[class='product'] h4], [[ChromeDriver: chrome on mac (d8d23e33cfedb55470851f696e4113d2)] -> css selector: div[class='product'] h4], [[ChromeDriver: chrome on mac (d8d23e33cfedb55470851f696e4113d2)] -> css selector: div[class='product'] h4], [[ChromeDriver: chrome on mac (d8d23e33cfedb55470851f696e4113d2)] -> css selector: div[class='product'] h4], [[ChromeDriver: chrome on mac (d8d23e33cfedb55470851f696e4113d2)] -> css selector: div[class='product'] h4], [[ChromeDriver: chrome on mac (d8d23e33cfedb55470851f696e4113d2)] -> css selector: div[class='product'] h4], [[ChromeDriver: chrome on mac (d8d23e33cfedb55470851f696e4113d2)] -> css selector: div[class='product'] h4], [[ChromeDriver: chrome on mac (d8d23e33cfedb55470851f696e4113d2)] -> css selector: div[class='product'] h4], [[ChromeDriver: chrome on mac (d8d23e33cfedb55470851f696e4113d2)] -> css selector: div[class='product'] h4], [[ChromeDriver: chrome on mac (d8d23e33cfedb55470851f696e4113d2)] -> css selector: div[class='product'] h4], [[ChromeDriver: chrome on mac (d8d23e33cfedb55470851f696e4113d2)] -> css selector: div[class='product'] h4], [[ChromeDriver: chrome on mac (d8d23e33cfedb55470851f696e4113d2)] -> css selector: div[class='product'] h4], [[ChromeDriver: chrome on mac (d8d23e33cfedb55470851f696e4113d2)] -> css selector: div[class='product'] h4], [[ChromeDriver: chrome on mac (d8d23e33cfedb55470851f696e4113d2)] -> css selector: div[class='product'] h4], [[ChromeDriver: chrome on mac (d8d23e33cfedb55470851f696e4113d2)] -> css selector: div[class='product'] h4], [[ChromeDriver: chrome on mac (d8d23e33cfedb55470851f696e4113d2)] -> css selector: div[class='product'] h4], [[ChromeDriver: chrome on mac (d8d23e33cfedb55470851f696e4113d2)] -> css selector: div[class='product'] h4], [[ChromeDriver: chrome on mac (d8d23e33cfedb55470851f696e4113d2)] -> css selector: div[class='product'] h4], [[ChromeDriver: chrome on mac (d8d23e33cfedb55470851f696e4113d2)] -> css selector: div[class='product'] h4], [[ChromeDriver: chrome on mac (d8d23e33cfedb55470851f696e4113d2)] -> css selector: div[class='product'] h4], [[ChromeDriver: chrome on mac (d8d23e33cfedb55470851f696e4113d2)] -> css selector: div[class='product'] h4], [[ChromeDriver: chrome on mac (d8d23e33cfedb55470851f696e4113d2)] -> css selector: div[class='product'] h4], [[ChromeDriver: chrome on mac (d8d23e33cfedb55470851f696e4113d2)] -> css selector: div[class='product'] h4], [[ChromeDriver: chrome on mac (d8d23e33cfedb55470851f696e4113d2)] -> css selector: div[class='product'] h4], [[ChromeDriver: chrome on mac (d8d23e33cfedb55470851f696e4113d2)] -> css selector: div[class='product'] h4], [[ChromeDriver: chrome on mac (d8d23e33cfedb55470851f696e4113d2)] -> css selector: div[class='product'] h4], [[ChromeDriver: chrome on mac (d8d23e33cfedb55470851f696e4113d2)] -> css selector: div[class='product'] h4], [[ChromeDriver: chrome on mac (d8d23e33cfedb55470851f696e4113d2)] -> css selector: div[class='product'] h4], [[ChromeDriver: chrome on mac (d8d23e33cfedb55470851f696e4113d2)] -> css selector: div[class='product'] h4]]
[[[ChromeDriver: chrome on mac (d8d23e33cfedb55470851f696e4113d2)] -> css selector: div[class='product'] h4], [[ChromeDriver: chrome on mac (d8d23e33cfedb55470851f696e4113d2)] -> css selector: div[class='product'] h4], [[ChromeDriver: chrome on mac (d8d23e33cfedb55470851f696e4113d2)] -> css selector: div[class='product'] h4], [[ChromeDriver: chrome on mac (d8d23e33cfedb55470851f696e4113d2)] -> css selector: div[class='product'] h4], [[ChromeDriver: chrome on mac (d8d23e33cfedb55470851f696e4113d2)] -> css selector: div[class='product'] h4], [[ChromeDriver: chrome on mac (d8d23e33cfedb55470851f696e4113d2)] -> css selector: div[class='product'] h4], [[ChromeDriver: chrome on mac (d8d23e33cfedb55470851f696e4113d2)] -> css selector: div[class='product'] h4], [[ChromeDriver: chrome on mac (d8d23e33cfedb55470851f696e4113d2)] -> css selector: div[class='product'] h4], [[ChromeDriver: chrome on mac (d8d23e33cfedb55470851f696e4113d2)] -> css selector: div[class='product'] h4], [[ChromeDriver: chrome on mac (d8d23e33cfedb55470851f696e4113d2)] -> css selector: div[class='product'] h4], [[ChromeDriver: chrome on mac (d8d23e33cfedb55470851f696e4113d2)] -> css selector: div[class='product'] h4], [[ChromeDriver: chrome on mac (d8d23e33cfedb55470851f696e4113d2)] -> css selector: div[class='product'] h4], [[ChromeDriver: chrome on mac (d8d23e33cfedb55470851f696e4113d2)] -> css selector: div[class='product'] h4], [[ChromeDriver: chrome on mac (d8d23e33cfedb55470851f696e4113d2)] -> css selector: div[class='product'] h4], [[ChromeDriver: chrome on mac (d8d23e33cfedb55470851f696e4113d2)] -> css selector: div[class='product'] h4], [[ChromeDriver: chrome on mac (d8d23e33cfedb55470851f696e4113d2)] -> css selector: div[class='product'] h4], [[ChromeDriver: chrome on mac (d8d23e33cfedb55470851f696e4113d2)] -> css selector: div[class='product'] h4], [[ChromeDriver: chrome on mac (d8d23e33cfedb55470851f696e4113d2)] -> css selector: div[class='product'] h4], [[ChromeDriver: chrome on mac (d8d23e33cfedb55470851f696e4113d2)] -> css selector: div[class='product'] h4], [[ChromeDriver: chrome on mac (d8d23e33cfedb55470851f696e4113d2)] -> css selector: div[class='product'] h4], [[ChromeDriver: chrome on mac (d8d23e33cfedb55470851f696e4113d2)] -> css selector: div[class='product'] h4], [[ChromeDriver: chrome on mac (d8d23e33cfedb55470851f696e4113d2)] -> css selector: div[class='product'] h4], [[ChromeDriver: chrome on mac (d8d23e33cfedb55470851f696e4113d2)] -> css selector: div[class='product'] h4], [[ChromeDriver: chrome on mac (d8d23e33cfedb55470851f696e4113d2)] -> css selector: div[class='product'] h4], [[ChromeDriver: chrome on mac (d8d23e33cfedb55470851f696e4113d2)] -> css selector: div[class='product'] h4], [[ChromeDriver: chrome on mac (d8d23e33cfedb55470851f696e4113d2)] -> css selector: div[class='product'] h4], [[ChromeDriver: chrome on mac (d8d23e33cfedb55470851f696e4113d2)] -> css selector: div[class='product'] h4], [[ChromeDriver: chrome on mac (d8d23e33cfedb55470851f696e4113d2)] -> css selector: div[class='product'] h4], [[ChromeDriver: chrome on mac (d8d23e33cfedb55470851f696e4113d2)] -> css selector: div[class='product'] h4], [[ChromeDriver: chrome on mac (d8d23e33cfedb55470851f696e4113d2)] -> css selector: div[class='product'] h4]]
Thank you, your order has been placed successfully
You'll be redirected to Home page shortly!!
]]></system-out>
    <system-err><![CDATA[SLF4J: Failed to load class "org.slf4j.impl.StaticLoggerBinder".
SLF4J: Defaulting to no-operation (NOP) logger implementation
SLF4J: See http://www.slf4j.org/codes.html#StaticLoggerBinder for further details.
]]></system-err>
  </testcase>
  <testcase name="buyVegan" classname="buyProducts.buyVegetables6" time="6.52">
    <system-out><![CDATA[[[[ChromeDriver: chrome on mac (973834391f4837e2c2d25857aa780c1e)] -> css selector: div[class='product'] h4], [[ChromeDriver: chrome on mac (973834391f4837e2c2d25857aa780c1e)] -> css selector: div[class='product'] h4], [[ChromeDriver: chrome on mac (973834391f4837e2c2d25857aa780c1e)] -> css selector: div[class='product'] h4], [[ChromeDriver: chrome on mac (973834391f4837e2c2d25857aa780c1e)] -> css selector: div[class='product'] h4], [[ChromeDriver: chrome on mac (973834391f4837e2c2d25857aa780c1e)] -> css selector: div[class='product'] h4], [[ChromeDriver: chrome on mac (973834391f4837e2c2d25857aa780c1e)] -> css selector: div[class='product'] h4], [[ChromeDriver: chrome on mac (973834391f4837e2c2d25857aa780c1e)] -> css selector: div[class='product'] h4], [[ChromeDriver: chrome on mac (973834391f4837e2c2d25857aa780c1e)] -> css selector: div[class='product'] h4], [[ChromeDriver: chrome on mac (973834391f4837e2c2d25857aa780c1e)] -> css selector: div[class='product'] h4], [[ChromeDriver: chrome on mac (973834391f4837e2c2d25857aa780c1e)] -> css selector: div[class='product'] h4], [[ChromeDriver: chrome on mac (973834391f4837e2c2d25857aa780c1e)] -> css selector: div[class='product'] h4], [[ChromeDriver: chrome on mac (973834391f4837e2c2d25857aa780c1e)] -> css selector: div[class='product'] h4], [[ChromeDriver: chrome on mac (973834391f4837e2c2d25857aa780c1e)] -> css selector: div[class='product'] h4], [[ChromeDriver: chrome on mac (973834391f4837e2c2d25857aa780c1e)] -> css selector: div[class='product'] h4], [[ChromeDriver: chrome on mac (973834391f4837e2c2d25857aa780c1e)] -> css selector: div[class='product'] h4], [[ChromeDriver: chrome on mac (973834391f4837e2c2d25857aa780c1e)] -> css selector: div[class='product'] h4], [[ChromeDriver: chrome on mac (973834391f4837e2c2d25857aa780c1e)] -> css selector: div[class='product'] h4], [[ChromeDriver: chrome on mac (973834391f4837e2c2d25857aa780c1e)] -> css selector: div[class='product'] h4], [[ChromeDriver: chrome on mac (973834391f4837e2c2d25857aa780c1e)] -> css selector: div[class='product'] h4], [[ChromeDriver: chrome on mac (973834391f4837e2c2d25857aa780c1e)] -> css selector: div[class='product'] h4], [[ChromeDriver: chrome on mac (973834391f4837e2c2d25857aa780c1e)] -> css selector: div[class='product'] h4], [[ChromeDriver: chrome on mac (973834391f4837e2c2d25857aa780c1e)] -> css selector: div[class='product'] h4], [[ChromeDriver: chrome on mac (973834391f4837e2c2d25857aa780c1e)] -> css selector: div[class='product'] h4], [[ChromeDriver: chrome on mac (973834391f4837e2c2d25857aa780c1e)] -> css selector: div[class='product'] h4], [[ChromeDriver: chrome on mac (973834391f4837e2c2d25857aa780c1e)] -> css selector: div[class='product'] h4], [[ChromeDriver: chrome on mac (973834391f4837e2c2d25857aa780c1e)] -> css selector: div[class='product'] h4], [[ChromeDriver: chrome on mac (973834391f4837e2c2d25857aa780c1e)] -> css selector: div[class='product'] h4], [[ChromeDriver: chrome on mac (973834391f4837e2c2d25857aa780c1e)] -> css selector: div[class='product'] h4], [[ChromeDriver: chrome on mac (973834391f4837e2c2d25857aa780c1e)] -> css selector: div[class='product'] h4], [[ChromeDriver: chrome on mac (973834391f4837e2c2d25857aa780c1e)] -> css selector: div[class='product'] h4]]
[[[ChromeDriver: chrome on mac (973834391f4837e2c2d25857aa780c1e)] -> css selector: div[class='product'] h4], [[ChromeDriver: chrome on mac (973834391f4837e2c2d25857aa780c1e)] -> css selector: div[class='product'] h4], [[ChromeDriver: chrome on mac (973834391f4837e2c2d25857aa780c1e)] -> css selector: div[class='product'] h4], [[ChromeDriver: chrome on mac (973834391f4837e2c2d25857aa780c1e)] -> css selector: div[class='product'] h4], [[ChromeDriver: chrome on mac (973834391f4837e2c2d25857aa780c1e)] -> css selector: div[class='product'] h4], [[ChromeDriver: chrome on mac (973834391f4837e2c2d25857aa780c1e)] -> css selector: div[class='product'] h4], [[ChromeDriver: chrome on mac (973834391f4837e2c2d25857aa780c1e)] -> css selector: div[class='product'] h4], [[ChromeDriver: chrome on mac (973834391f4837e2c2d25857aa780c1e)] -> css selector: div[class='product'] h4], [[ChromeDriver: chrome on mac (973834391f4837e2c2d25857aa780c1e)] -> css selector: div[class='product'] h4], [[ChromeDriver: chrome on mac (973834391f4837e2c2d25857aa780c1e)] -> css selector: div[class='product'] h4], [[ChromeDriver: chrome on mac (973834391f4837e2c2d25857aa780c1e)] -> css selector: div[class='product'] h4], [[ChromeDriver: chrome on mac (973834391f4837e2c2d25857aa780c1e)] -> css selector: div[class='product'] h4], [[ChromeDriver: chrome on mac (973834391f4837e2c2d25857aa780c1e)] -> css selector: div[class='product'] h4], [[ChromeDriver: chrome on mac (973834391f4837e2c2d25857aa780c1e)] -> css selector: div[class='product'] h4], [[ChromeDriver: chrome on mac (973834391f4837e2c2d25857aa780c1e)] -> css selector: div[class='product'] h4], [[ChromeDriver: chrome on mac (973834391f4837e2c2d25857aa780c1e)] -> css selector: div[class='product'] h4], [[ChromeDriver: chrome on mac (973834391f4837e2c2d25857aa780c1e)] -> css selector: div[class='product'] h4], [[ChromeDriver: chrome on mac (973834391f4837e2c2d25857aa780c1e)] -> css selector: div[class='product'] h4], [[ChromeDriver: chrome on mac (973834391f4837e2c2d25857aa780c1e)] -> css selector: div[class='product'] h4], [[ChromeDriver: chrome on mac (973834391f4837e2c2d25857aa780c1e)] -> css selector: div[class='product'] h4], [[ChromeDriver: chrome on mac (973834391f4837e2c2d25857aa780c1e)] -> css selector: div[class='product'] h4], [[ChromeDriver: chrome on mac (973834391f4837e2c2d25857aa780c1e)] -> css selector: div[class='product'] h4], [[ChromeDriver: chrome on mac (973834391f4837e2c2d25857aa780c1e)] -> css selector: div[class='product'] h4], [[ChromeDriver: chrome on mac (973834391f4837e2c2d25857aa780c1e)] -> css selector: div[class='product'] h4], [[ChromeDriver: chrome on mac (973834391f4837e2c2d25857aa780c1e)] -> css selector: div[class='product'] h4], [[ChromeDriver: chrome on mac (973834391f4837e2c2d25857aa780c1e)] -> css selector: div[class='product'] h4], [[ChromeDriver: chrome on mac (973834391f4837e2c2d25857aa780c1e)] -> css selector: div[class='product'] h4], [[ChromeDriver: chrome on mac (973834391f4837e2c2d25857aa780c1e)] -> css selector: div[class='product'] h4], [[ChromeDriver: chrome on mac (973834391f4837e2c2d25857aa780c1e)] -> css selector: div[class='product'] h4], [[ChromeDriver: chrome on mac (973834391f4837e2c2d25857aa780c1e)] -> css selector: div[class='product'] h4]]
Thank you, your order has been placed successfully
You'll be redirected to Home page shortly!!
]]></system-out>
  </testcase>
  <testcase name="buyVegan" classname="buyProducts.buyVegetables2" time="5.626">
    <system-out><![CDATA[[[[ChromeDriver: chrome on mac (a89afd17780cff211b3ee49b605fc3a8)] -> css selector: div[class='product'] h4], [[ChromeDriver: chrome on mac (a89afd17780cff211b3ee49b605fc3a8)] -> css selector: div[class='product'] h4], [[ChromeDriver: chrome on mac (a89afd17780cff211b3ee49b605fc3a8)] -> css selector: div[class='product'] h4], [[ChromeDriver: chrome on mac (a89afd17780cff211b3ee49b605fc3a8)] -> css selector: div[class='product'] h4], [[ChromeDriver: chrome on mac (a89afd17780cff211b3ee49b605fc3a8)] -> css selector: div[class='product'] h4], [[ChromeDriver: chrome on mac (a89afd17780cff211b3ee49b605fc3a8)] -> css selector: div[class='product'] h4], [[ChromeDriver: chrome on mac (a89afd17780cff211b3ee49b605fc3a8)] -> css selector: div[class='product'] h4], [[ChromeDriver: chrome on mac (a89afd17780cff211b3ee49b605fc3a8)] -> css selector: div[class='product'] h4], [[ChromeDriver: chrome on mac (a89afd17780cff211b3ee49b605fc3a8)] -> css selector: div[class='product'] h4], [[ChromeDriver: chrome on mac (a89afd17780cff211b3ee49b605fc3a8)] -> css selector: div[class='product'] h4], [[ChromeDriver: chrome on mac (a89afd17780cff211b3ee49b605fc3a8)] -> css selector: div[class='product'] h4], [[ChromeDriver: chrome on mac (a89afd17780cff211b3ee49b605fc3a8)] -> css selector: div[class='product'] h4], [[ChromeDriver: chrome on mac (a89afd17780cff211b3ee49b605fc3a8)] -> css selector: div[class='product'] h4], [[ChromeDriver: chrome on mac (a89afd17780cff211b3ee49b605fc3a8)] -> css selector: div[class='product'] h4], [[ChromeDriver: chrome on mac (a89afd17780cff211b3ee49b605fc3a8)] -> css selector: div[class='product'] h4], [[ChromeDriver: chrome on mac (a89afd17780cff211b3ee49b605fc3a8)] -> css selector: div[class='product'] h4], [[ChromeDriver: chrome on mac (a89afd17780cff211b3ee49b605fc3a8)] -> css selector: div[class='product'] h4], [[ChromeDriver: chrome on mac (a89afd17780cff211b3ee49b605fc3a8)] -> css selector: div[class='product'] h4], [[ChromeDriver: chrome on mac (a89afd17780cff211b3ee49b605fc3a8)] -> css selector: div[class='product'] h4], [[ChromeDriver: chrome on mac (a89afd17780cff211b3ee49b605fc3a8)] -> css selector: div[class='product'] h4], [[ChromeDriver: chrome on mac (a89afd17780cff211b3ee49b605fc3a8)] -> css selector: div[class='product'] h4], [[ChromeDriver: chrome on mac (a89afd17780cff211b3ee49b605fc3a8)] -> css selector: div[class='product'] h4], [[ChromeDriver: chrome on mac (a89afd17780cff211b3ee49b605fc3a8)] -> css selector: div[class='product'] h4], [[ChromeDriver: chrome on mac (a89afd17780cff211b3ee49b605fc3a8)] -> css selector: div[class='product'] h4], [[ChromeDriver: chrome on mac (a89afd17780cff211b3ee49b605fc3a8)] -> css selector: div[class='product'] h4], [[ChromeDriver: chrome on mac (a89afd17780cff211b3ee49b605fc3a8)] -> css selector: div[class='product'] h4], [[ChromeDriver: chrome on mac (a89afd17780cff211b3ee49b605fc3a8)] -> css selector: div[class='product'] h4], [[ChromeDriver: chrome on mac (a89afd17780cff211b3ee49b605fc3a8)] -> css selector: div[class='product'] h4], [[ChromeDriver: chrome on mac (a89afd17780cff211b3ee49b605fc3a8)] -> css selector: div[class='product'] h4], [[ChromeDriver: chrome on mac (a89afd17780cff211b3ee49b605fc3a8)] -> css selector: div[class='product'] h4]]
[[[ChromeDriver: chrome on mac (a89afd17780cff211b3ee49b605fc3a8)] -> css selector: div[class='product'] h4], [[ChromeDriver: chrome on mac (a89afd17780cff211b3ee49b605fc3a8)] -> css selector: div[class='product'] h4], [[ChromeDriver: chrome on mac (a89afd17780cff211b3ee49b605fc3a8)] -> css selector: div[class='product'] h4], [[ChromeDriver: chrome on mac (a89afd17780cff211b3ee49b605fc3a8)] -> css selector: div[class='product'] h4], [[ChromeDriver: chrome on mac (a89afd17780cff211b3ee49b605fc3a8)] -> css selector: div[class='product'] h4], [[ChromeDriver: chrome on mac (a89afd17780cff211b3ee49b605fc3a8)] -> css selector: div[class='product'] h4], [[ChromeDriver: chrome on mac (a89afd17780cff211b3ee49b605fc3a8)] -> css selector: div[class='product'] h4], [[ChromeDriver: chrome on mac (a89afd17780cff211b3ee49b605fc3a8)] -> css selector: div[class='product'] h4], [[ChromeDriver: chrome on mac (a89afd17780cff211b3ee49b605fc3a8)] -> css selector: div[class='product'] h4], [[ChromeDriver: chrome on mac (a89afd17780cff211b3ee49b605fc3a8)] -> css selector: div[class='product'] h4], [[ChromeDriver: chrome on mac (a89afd17780cff211b3ee49b605fc3a8)] -> css selector: div[class='product'] h4], [[ChromeDriver: chrome on mac (a89afd17780cff211b3ee49b605fc3a8)] -> css selector: div[class='product'] h4], [[ChromeDriver: chrome on mac (a89afd17780cff211b3ee49b605fc3a8)] -> css selector: div[class='product'] h4], [[ChromeDriver: chrome on mac (a89afd17780cff211b3ee49b605fc3a8)] -> css selector: div[class='product'] h4], [[ChromeDriver: chrome on mac (a89afd17780cff211b3ee49b605fc3a8)] -> css selector: div[class='product'] h4], [[ChromeDriver: chrome on mac (a89afd17780cff211b3ee49b605fc3a8)] -> css selector: div[class='product'] h4], [[ChromeDriver: chrome on mac (a89afd17780cff211b3ee49b605fc3a8)] -> css selector: div[class='product'] h4], [[ChromeDriver: chrome on mac (a89afd17780cff211b3ee49b605fc3a8)] -> css selector: div[class='product'] h4], [[ChromeDriver: chrome on mac (a89afd17780cff211b3ee49b605fc3a8)] -> css selector: div[class='product'] h4], [[ChromeDriver: chrome on mac (a89afd17780cff211b3ee49b605fc3a8)] -> css selector: div[class='product'] h4], [[ChromeDriver: chrome on mac (a89afd17780cff211b3ee49b605fc3a8)] -> css selector: div[class='product'] h4], [[ChromeDriver: chrome on mac (a89afd17780cff211b3ee49b605fc3a8)] -> css selector: div[class='product'] h4], [[ChromeDriver: chrome on mac (a89afd17780cff211b3ee49b605fc3a8)] -> css selector: div[class='product'] h4], [[ChromeDriver: chrome on mac (a89afd17780cff211b3ee49b605fc3a8)] -> css selector: div[class='product'] h4], [[ChromeDriver: chrome on mac (a89afd17780cff211b3ee49b605fc3a8)] -> css selector: div[class='product'] h4], [[ChromeDriver: chrome on mac (a89afd17780cff211b3ee49b605fc3a8)] -> css selector: div[class='product'] h4], [[ChromeDriver: chrome on mac (a89afd17780cff211b3ee49b605fc3a8)] -> css selector: div[class='product'] h4], [[ChromeDriver: chrome on mac (a89afd17780cff211b3ee49b605fc3a8)] -> css selector: div[class='product'] h4], [[ChromeDriver: chrome on mac (a89afd17780cff211b3ee49b605fc3a8)] -> css selector: div[class='product'] h4], [[ChromeDriver: chrome on mac (a89afd17780cff211b3ee49b605fc3a8)] -> css selector: div[class='product'] h4]]
Thank you, your order has been placed successfully
You'll be redirected to Home page shortly!!
]]></system-out>
  </testcase>
  <testcase name="buyVegan" classname="buyProducts.buyVegetables3" time="5.242">
    <system-out><![CDATA[[[[ChromeDriver: chrome on mac (c8be70e2407b50c359b12e34bb8510db)] -> css selector: div[class='product'] h4], [[ChromeDriver: chrome on mac (c8be70e2407b50c359b12e34bb8510db)] -> css selector: div[class='product'] h4], [[ChromeDriver: chrome on mac (c8be70e2407b50c359b12e34bb8510db)] -> css selector: div[class='product'] h4], [[ChromeDriver: chrome on mac (c8be70e2407b50c359b12e34bb8510db)] -> css selector: div[class='product'] h4], [[ChromeDriver: chrome on mac (c8be70e2407b50c359b12e34bb8510db)] -> css selector: div[class='product'] h4], [[ChromeDriver: chrome on mac (c8be70e2407b50c359b12e34bb8510db)] -> css selector: div[class='product'] h4], [[ChromeDriver: chrome on mac (c8be70e2407b50c359b12e34bb8510db)] -> css selector: div[class='product'] h4], [[ChromeDriver: chrome on mac (c8be70e2407b50c359b12e34bb8510db)] -> css selector: div[class='product'] h4], [[ChromeDriver: chrome on mac (c8be70e2407b50c359b12e34bb8510db)] -> css selector: div[class='product'] h4], [[ChromeDriver: chrome on mac (c8be70e2407b50c359b12e34bb8510db)] -> css selector: div[class='product'] h4], [[ChromeDriver: chrome on mac (c8be70e2407b50c359b12e34bb8510db)] -> css selector: div[class='product'] h4], [[ChromeDriver: chrome on mac (c8be70e2407b50c359b12e34bb8510db)] -> css selector: div[class='product'] h4], [[ChromeDriver: chrome on mac (c8be70e2407b50c359b12e34bb8510db)] -> css selector: div[class='product'] h4], [[ChromeDriver: chrome on mac (c8be70e2407b50c359b12e34bb8510db)] -> css selector: div[class='product'] h4], [[ChromeDriver: chrome on mac (c8be70e2407b50c359b12e34bb8510db)] -> css selector: div[class='product'] h4], [[ChromeDriver: chrome on mac (c8be70e2407b50c359b12e34bb8510db)] -> css selector: div[class='product'] h4], [[ChromeDriver: chrome on mac (c8be70e2407b50c359b12e34bb8510db)] -> css selector: div[class='product'] h4], [[ChromeDriver: chrome on mac (c8be70e2407b50c359b12e34bb8510db)] -> css selector: div[class='product'] h4], [[ChromeDriver: chrome on mac (c8be70e2407b50c359b12e34bb8510db)] -> css selector: div[class='product'] h4], [[ChromeDriver: chrome on mac (c8be70e2407b50c359b12e34bb8510db)] -> css selector: div[class='product'] h4], [[ChromeDriver: chrome on mac (c8be70e2407b50c359b12e34bb8510db)] -> css selector: div[class='product'] h4], [[ChromeDriver: chrome on mac (c8be70e2407b50c359b12e34bb8510db)] -> css selector: div[class='product'] h4], [[ChromeDriver: chrome on mac (c8be70e2407b50c359b12e34bb8510db)] -> css selector: div[class='product'] h4], [[ChromeDriver: chrome on mac (c8be70e2407b50c359b12e34bb8510db)] -> css selector: div[class='product'] h4], [[ChromeDriver: chrome on mac (c8be70e2407b50c359b12e34bb8510db)] -> css selector: div[class='product'] h4], [[ChromeDriver: chrome on mac (c8be70e2407b50c359b12e34bb8510db)] -> css selector: div[class='product'] h4], [[ChromeDriver: chrome on mac (c8be70e2407b50c359b12e34bb8510db)] -> css selector: div[class='product'] h4], [[ChromeDriver: chrome on mac (c8be70e2407b50c359b12e34bb8510db)] -> css selector: div[class='product'] h4], [[ChromeDriver: chrome on mac (c8be70e2407b50c359b12e34bb8510db)] -> css selector: div[class='product'] h4], [[ChromeDriver: chrome on mac (c8be70e2407b50c359b12e34bb8510db)] -> css selector: div[class='product'] h4]]
[[[ChromeDriver: chrome on mac (c8be70e2407b50c359b12e34bb8510db)] -> css selector: div[class='product'] h4], [[ChromeDriver: chrome on mac (c8be70e2407b50c359b12e34bb8510db)] -> css selector: div[class='product'] h4], [[ChromeDriver: chrome on mac (c8be70e2407b50c359b12e34bb8510db)] -> css selector: div[class='product'] h4], [[ChromeDriver: chrome on mac (c8be70e2407b50c359b12e34bb8510db)] -> css selector: div[class='product'] h4], [[ChromeDriver: chrome on mac (c8be70e2407b50c359b12e34bb8510db)] -> css selector: div[class='product'] h4], [[ChromeDriver: chrome on mac (c8be70e2407b50c359b12e34bb8510db)] -> css selector: div[class='product'] h4], [[ChromeDriver: chrome on mac (c8be70e2407b50c359b12e34bb8510db)] -> css selector: div[class='product'] h4], [[ChromeDriver: chrome on mac (c8be70e2407b50c359b12e34bb8510db)] -> css selector: div[class='product'] h4], [[ChromeDriver: chrome on mac (c8be70e2407b50c359b12e34bb8510db)] -> css selector: div[class='product'] h4], [[ChromeDriver: chrome on mac (c8be70e2407b50c359b12e34bb8510db)] -> css selector: div[class='product'] h4], [[ChromeDriver: chrome on mac (c8be70e2407b50c359b12e34bb8510db)] -> css selector: div[class='product'] h4], [[ChromeDriver: chrome on mac (c8be70e2407b50c359b12e34bb8510db)] -> css selector: div[class='product'] h4], [[ChromeDriver: chrome on mac (c8be70e2407b50c359b12e34bb8510db)] -> css selector: div[class='product'] h4], [[ChromeDriver: chrome on mac (c8be70e2407b50c359b12e34bb8510db)] -> css selector: div[class='product'] h4], [[ChromeDriver: chrome on mac (c8be70e2407b50c359b12e34bb8510db)] -> css selector: div[class='product'] h4], [[ChromeDriver: chrome on mac (c8be70e2407b50c359b12e34bb8510db)] -> css selector: div[class='product'] h4], [[ChromeDriver: chrome on mac (c8be70e2407b50c359b12e34bb8510db)] -> css selector: div[class='product'] h4], [[ChromeDriver: chrome on mac (c8be70e2407b50c359b12e34bb8510db)] -> css selector: div[class='product'] h4], [[ChromeDriver: chrome on mac (c8be70e2407b50c359b12e34bb8510db)] -> css selector: div[class='product'] h4], [[ChromeDriver: chrome on mac (c8be70e2407b50c359b12e34bb8510db)] -> css selector: div[class='product'] h4], [[ChromeDriver: chrome on mac (c8be70e2407b50c359b12e34bb8510db)] -> css selector: div[class='product'] h4], [[ChromeDriver: chrome on mac (c8be70e2407b50c359b12e34bb8510db)] -> css selector: div[class='product'] h4], [[ChromeDriver: chrome on mac (c8be70e2407b50c359b12e34bb8510db)] -> css selector: div[class='product'] h4], [[ChromeDriver: chrome on mac (c8be70e2407b50c359b12e34bb8510db)] -> css selector: div[class='product'] h4], [[ChromeDriver: chrome on mac (c8be70e2407b50c359b12e34bb8510db)] -> css selector: div[class='product'] h4], [[ChromeDriver: chrome on mac (c8be70e2407b50c359b12e34bb8510db)] -> css selector: div[class='product'] h4], [[ChromeDriver: chrome on mac (c8be70e2407b50c359b12e34bb8510db)] -> css selector: div[class='product'] h4], [[ChromeDriver: chrome on mac (c8be70e2407b50c359b12e34bb8510db)] -> css selector: div[class='product'] h4], [[ChromeDriver: chrome on mac (c8be70e2407b50c359b12e34bb8510db)] -> css selector: div[class='product'] h4], [[ChromeDriver: chrome on mac (c8be70e2407b50c359b12e34bb8510db)] -> css selector: div[class='product'] h4]]
Thank you, your order has been placed successfully
You'll be redirected to Home page shortly!!
]]></system-out>
  </testcase>
  <testcase name="buyVegan" classname="buyProducts.buyVegetables4" time="5.213">
    <system-out><![CDATA[[[[ChromeDriver: chrome on mac (3f121259116f97856ba57d84afeb83d3)] -> css selector: div[class='product'] h4], [[ChromeDriver: chrome on mac (3f121259116f97856ba57d84afeb83d3)] -> css selector: div[class='product'] h4], [[ChromeDriver: chrome on mac (3f121259116f97856ba57d84afeb83d3)] -> css selector: div[class='product'] h4], [[ChromeDriver: chrome on mac (3f121259116f97856ba57d84afeb83d3)] -> css selector: div[class='product'] h4], [[ChromeDriver: chrome on mac (3f121259116f97856ba57d84afeb83d3)] -> css selector: div[class='product'] h4], [[ChromeDriver: chrome on mac (3f121259116f97856ba57d84afeb83d3)] -> css selector: div[class='product'] h4], [[ChromeDriver: chrome on mac (3f121259116f97856ba57d84afeb83d3)] -> css selector: div[class='product'] h4], [[ChromeDriver: chrome on mac (3f121259116f97856ba57d84afeb83d3)] -> css selector: div[class='product'] h4], [[ChromeDriver: chrome on mac (3f121259116f97856ba57d84afeb83d3)] -> css selector: div[class='product'] h4], [[ChromeDriver: chrome on mac (3f121259116f97856ba57d84afeb83d3)] -> css selector: div[class='product'] h4], [[ChromeDriver: chrome on mac (3f121259116f97856ba57d84afeb83d3)] -> css selector: div[class='product'] h4], [[ChromeDriver: chrome on mac (3f121259116f97856ba57d84afeb83d3)] -> css selector: div[class='product'] h4], [[ChromeDriver: chrome on mac (3f121259116f97856ba57d84afeb83d3)] -> css selector: div[class='product'] h4], [[ChromeDriver: chrome on mac (3f121259116f97856ba57d84afeb83d3)] -> css selector: div[class='product'] h4], [[ChromeDriver: chrome on mac (3f121259116f97856ba57d84afeb83d3)] -> css selector: div[class='product'] h4], [[ChromeDriver: chrome on mac (3f121259116f97856ba57d84afeb83d3)] -> css selector: div[class='product'] h4], [[ChromeDriver: chrome on mac (3f121259116f97856ba57d84afeb83d3)] -> css selector: div[class='product'] h4], [[ChromeDriver: chrome on mac (3f121259116f97856ba57d84afeb83d3)] -> css selector: div[class='product'] h4], [[ChromeDriver: chrome on mac (3f121259116f97856ba57d84afeb83d3)] -> css selector: div[class='product'] h4], [[ChromeDriver: chrome on mac (3f121259116f97856ba57d84afeb83d3)] -> css selector: div[class='product'] h4], [[ChromeDriver: chrome on mac (3f121259116f97856ba57d84afeb83d3)] -> css selector: div[class='product'] h4], [[ChromeDriver: chrome on mac (3f121259116f97856ba57d84afeb83d3)] -> css selector: div[class='product'] h4], [[ChromeDriver: chrome on mac (3f121259116f97856ba57d84afeb83d3)] -> css selector: div[class='product'] h4], [[ChromeDriver: chrome on mac (3f121259116f97856ba57d84afeb83d3)] -> css selector: div[class='product'] h4], [[ChromeDriver: chrome on mac (3f121259116f97856ba57d84afeb83d3)] -> css selector: div[class='product'] h4], [[ChromeDriver: chrome on mac (3f121259116f97856ba57d84afeb83d3)] -> css selector: div[class='product'] h4], [[ChromeDriver: chrome on mac (3f121259116f97856ba57d84afeb83d3)] -> css selector: div[class='product'] h4], [[ChromeDriver: chrome on mac (3f121259116f97856ba57d84afeb83d3)] -> css selector: div[class='product'] h4], [[ChromeDriver: chrome on mac (3f121259116f97856ba57d84afeb83d3)] -> css selector: div[class='product'] h4], [[ChromeDriver: chrome on mac (3f121259116f97856ba57d84afeb83d3)] -> css selector: div[class='product'] h4]]
[[[ChromeDriver: chrome on mac (3f121259116f97856ba57d84afeb83d3)] -> css selector: div[class='product'] h4], [[ChromeDriver: chrome on mac (3f121259116f97856ba57d84afeb83d3)] -> css selector: div[class='product'] h4], [[ChromeDriver: chrome on mac (3f121259116f97856ba57d84afeb83d3)] -> css selector: div[class='product'] h4], [[ChromeDriver: chrome on mac (3f121259116f97856ba57d84afeb83d3)] -> css selector: div[class='product'] h4], [[ChromeDriver: chrome on mac (3f121259116f97856ba57d84afeb83d3)] -> css selector: div[class='product'] h4], [[ChromeDriver: chrome on mac (3f121259116f97856ba57d84afeb83d3)] -> css selector: div[class='product'] h4], [[ChromeDriver: chrome on mac (3f121259116f97856ba57d84afeb83d3)] -> css selector: div[class='product'] h4], [[ChromeDriver: chrome on mac (3f121259116f97856ba57d84afeb83d3)] -> css selector: div[class='product'] h4], [[ChromeDriver: chrome on mac (3f121259116f97856ba57d84afeb83d3)] -> css selector: div[class='product'] h4], [[ChromeDriver: chrome on mac (3f121259116f97856ba57d84afeb83d3)] -> css selector: div[class='product'] h4], [[ChromeDriver: chrome on mac (3f121259116f97856ba57d84afeb83d3)] -> css selector: div[class='product'] h4], [[ChromeDriver: chrome on mac (3f121259116f97856ba57d84afeb83d3)] -> css selector: div[class='product'] h4], [[ChromeDriver: chrome on mac (3f121259116f97856ba57d84afeb83d3)] -> css selector: div[class='product'] h4], [[ChromeDriver: chrome on mac (3f121259116f97856ba57d84afeb83d3)] -> css selector: div[class='product'] h4], [[ChromeDriver: chrome on mac (3f121259116f97856ba57d84afeb83d3)] -> css selector: div[class='product'] h4], [[ChromeDriver: chrome on mac (3f121259116f97856ba57d84afeb83d3)] -> css selector: div[class='product'] h4], [[ChromeDriver: chrome on mac (3f121259116f97856ba57d84afeb83d3)] -> css selector: div[class='product'] h4], [[ChromeDriver: chrome on mac (3f121259116f97856ba57d84afeb83d3)] -> css selector: div[class='product'] h4], [[ChromeDriver: chrome on mac (3f121259116f97856ba57d84afeb83d3)] -> css selector: div[class='product'] h4], [[ChromeDriver: chrome on mac (3f121259116f97856ba57d84afeb83d3)] -> css selector: div[class='product'] h4], [[ChromeDriver: chrome on mac (3f121259116f97856ba57d84afeb83d3)] -> css selector: div[class='product'] h4], [[ChromeDriver: chrome on mac (3f121259116f97856ba57d84afeb83d3)] -> css selector: div[class='product'] h4], [[ChromeDriver: chrome on mac (3f121259116f97856ba57d84afeb83d3)] -> css selector: div[class='product'] h4], [[ChromeDriver: chrome on mac (3f121259116f97856ba57d84afeb83d3)] -> css selector: div[class='product'] h4], [[ChromeDriver: chrome on mac (3f121259116f97856ba57d84afeb83d3)] -> css selector: div[class='product'] h4], [[ChromeDriver: chrome on mac (3f121259116f97856ba57d84afeb83d3)] -> css selector: div[class='product'] h4], [[ChromeDriver: chrome on mac (3f121259116f97856ba57d84afeb83d3)] -> css selector: div[class='product'] h4], [[ChromeDriver: chrome on mac (3f121259116f97856ba57d84afeb83d3)] -> css selector: div[class='product'] h4], [[ChromeDriver: chrome on mac (3f121259116f97856ba57d84afeb83d3)] -> css selector: div[class='product'] h4], [[ChromeDriver: chrome on mac (3f121259116f97856ba57d84afeb83d3)] -> css selector: div[class='product'] h4]]
Thank you, your order has been placed successfully
You'll be redirected to Home page shortly!!
]]></system-out>
  </testcase>
</testsuite>