<?xml version="1.0" encoding="UTF-8"?>
<!-- Generated by org.testng.reporters.JUnitReportReporter -->
<testsuite hostname="192.168.1.7" failures="0" tests="1" name="onlineShopping.RemoveChosenItemsFromOrderPage" time="5.935" errors="0" timestamp="2024-11-07T17:28:48 ICT" skipped="0">
  <testcase classname="onlineShopping.RemoveChosenItemsFromOrderPage" name="RemoveChosenItems" time="5.935"/>
</testsuite> <!-- onlineShopping.RemoveChosenItemsFromOrderPage -->
