<?xml version="1.0" encoding="UTF-8"?>
<!-- Generated by org.testng.reporters.JUnitReportReporter -->
<testsuite hostname="192.168.1.7" failures="0" tests="1" name="buyProducts.buyAllItemsAndCheckout" time="2.082" errors="0" timestamp="2024-11-06T16:35:53 ICT" skipped="0">
  <testcase classname="buyProducts.buyAllItemsAndCheckout" name="buyAllitems" time="2.082"/>
</testsuite> <!-- buyProducts.buyAllItemsAndCheckout -->
