<?xml version="1.0" encoding="UTF-8"?>
<!-- Generated by org.testng.reporters.JUnitReportReporter -->
<testsuite hostname="192.168.1.7" failures="0" tests="1" name="buyProducts.buyVegetables6" time="6.521" errors="0" timestamp="2024-11-05T13:01:18 ICT" skipped="0">
  <testcase classname="buyProducts.buyVegetables6" name="buyVegan" time="6.521"/>
</testsuite> <!-- buyProducts.buyVegetables6 -->
